Build started 08/01/2016 22:34:49.
     1>Project "C:\Users\Sayuko\Documents\GitHub\Geyser\Build\Geyser.vcxproj" on node 2 (Build target(s)).
     1>ClCompile:
         C:\Program Files (x86)\Microsoft Visual Studio 12.0\VC\bin\CL.exe /c /I"C:\Users\Sayuko\Documents\GitHub\Geyser\external\glfw-3.1.2\include\GLFW" /I"C:\Users\Sayuko\Documents\GitHub\Geyser\external\glm-0.9.7.1" /I"C:\Users\Sayuko\Documents\GitHub\Geyser\external\glew-1.13.0\include" /IC:\Users\Sayuko\Documents\GitHub\Geyser\. /Zi /nologo /W3 /WX- /MP /Od /Ob0 /Oy- /D WIN32 /D _WINDOWS /D _DEBUG /D TW_STATIC /D TW_NO_LIB_PRAGMA /D TW_NO_DIRECT3D /D GLEW_STATIC /D _CRT_SECURE_NO_WARNINGS /D "CMAKE_INTDIR=\"Debug\"" /D _MBCS /Gm- /EHsc /RTC1 /MDd /GS /fp:precise /Zc:wchar_t /Zc:forScope /GR /Fo"Geyser.dir\Debug\\" /Fd"Geyser.dir\Debug\vc120.pdb" /Gd /TP /analyze- /errorReport:prompt C:\Users\Sayuko\Documents\GitHub\Geyser\Particle_System_Project\main.cpp
         main.cpp
     1>C:\Users\Sayuko\Documents\GitHub\Geyser\Particle_System_Project\main.cpp(244): warning C4244: '-=' : conversion from 'double' to 'float', possible loss of data
       Link:
         C:\Program Files (x86)\Microsoft Visual Studio 12.0\VC\bin\link.exe /ERRORREPORT:PROMPT /OUT:"C:\Users\Sayuko\Documents\GitHub\Geyser\Build\Debug\Geyser.exe" /INCREMENTAL /NOLOGO kernel32.lib user32.lib gdi32.lib winspool.lib shell32.lib ole32.lib oleaut32.lib uuid.lib comdlg32.lib advapi32.lib glu32.lib opengl32.lib "external\glfw-3.1.2\src\Debug\glfw3.lib" external\Debug\GLEW_1130.lib glu32.lib opengl32.lib /MANIFEST /MANIFESTUAC:"level='asInvoker' uiAccess='false'" /manifest:embed /DEBUG /PDB:"C:/Users/Sayuko/Documents/GitHub/Geyser/Build/Debug/Geyser.pdb" /SUBSYSTEM:CONSOLE /TLBID:1 /DYNAMICBASE /NXCOMPAT /IMPLIB:"C:/Users/Sayuko/Documents/GitHub/Geyser/Build/Debug/Geyser.lib" /MACHINE:X86 /SAFESEH  /machine:X86 /debug Geyser.dir\Debug\main.obj
         Geyser.dir\Debug\shader.obj
         Geyser.dir\Debug\texture.obj
         Geyser.dir\Debug\controls.obj
         Geyser.vcxproj -> C:\Users\Sayuko\Documents\GitHub\Geyser\Build\Debug\Geyser.exe
       PostBuildEvent:
         setlocal
         "C:\Program Files (x86)\CMake\bin\cmake.exe" -E copy C:/Users/Sayuko/Documents/GitHub/Geyser/Build/Debug/Geyser.exe C:/Users/Sayuko/Documents/GitHub/Geyser/Particle_System_Project
         if %errorlevel% neq 0 goto :cmEnd
         :cmEnd
         endlocal & call :cmErrorLevel %errorlevel% & goto :cmDone
         :cmErrorLevel
         exit /b %1
         :cmDone
         if %errorlevel% neq 0 goto :VCEnd
         :VCEnd
     1>Done Building Project "C:\Users\Sayuko\Documents\GitHub\Geyser\Build\Geyser.vcxproj" (Build target(s)).

Build succeeded.

Time Elapsed 00:00:01.31
